info it worked if it ends with ok
verbose cli [ 'node', '/usr/local/bin/npm', 'install', 'nodecvs' ]
info using npm@1.0.103
info using node@v0.4.12
verbose config file /home/jfstgermain/.npmrc
verbose config file /usr/local/etc/npmrc
verbose config file /usr/local/lib/node_modules/npm/npmrc
verbose into /home/jfstgermain/work/perso/node.js/geonames_import [ 'nodecvs' ]
verbose cache add nodecvs
verbose cache add [ 'nodecvs', null ]
silly cache add: name, spec, args [ undefined, 'nodecvs', [ 'nodecvs', null ] ]
verbose parsed url { pathname: 'nodecvs', href: 'nodecvs' }
info addNamed [ 'nodecvs', '' ]
verbose addNamed [ null, '' ]
verbose GET nodecvs
verbose raw, before any munging nodecvs
verbose url resolving [ 'https://registry.npmjs.org/', './nodecvs' ]
verbose url resolved https://registry.npmjs.org/nodecvs
silly get cb [ 404,
silly get cb   { server: 'CouchDB/1.1.0 (Erlang OTP/R14B04)',
silly get cb     date: 'Sun, 11 Dec 2011 05:07:01 GMT',
silly get cb     'content-type': 'application/json',
silly get cb     'content-length': '52',
silly get cb     'cache-control': 'must-revalidate' } ]
ERR! 404 'nodecvs' is not in the npm registry.
ERR! 404 You could maybe bug the author to publish it
ERR! 404 Note that you can also install from a tarball or folder.
ERR! 
ERR! System Linux 3.0.0-13-generic
ERR! command "node" "/usr/local/bin/npm" "install" "nodecvs"
ERR! cwd /home/jfstgermain/work/perso/node.js/geonames_import
ERR! node -v v0.4.12
ERR! npm -v 1.0.103
ERR! code E404
verbose exit [ 1, true ]
